Unsupposrted library path: C:\Users\ricca\OneDrive\Desktop\porcaccio dio\queen-drugs\build\classes\java\api
Unsupposrted library path: C:\Users\ricca\OneDrive\Desktop\porcaccio dio\queen-drugs\build\resources\api
Symbol range map extraction starting
Processing 19 files
startProcessing "net/mcreator/queens/ClientProxyQueens.java" md5: 2e5113e78eb70a875f0b9d6a1a81dfa1
endProcessing "net/mcreator/queens/ClientProxyQueens.java"

startProcessing "net/mcreator/queens/ElementsQueens.java" md5: f396c0ed46974ec0768141863c476741
endProcessing "net/mcreator/queens/ElementsQueens.java"

startProcessing "net/mcreator/queens/IProxyQueens.java" md5: 5a06200609dd898f52537411bf707b51
endProcessing "net/mcreator/queens/IProxyQueens.java"

startProcessing "net/mcreator/queens/Queens.java" md5: 9b5c42638aec3487e4f0089afb700f0a
endProcessing "net/mcreator/queens/Queens.java"

startProcessing "net/mcreator/queens/QueensVariables.java" md5: 19551408a5e8e6c7a8fc0ea133a81e55
endProcessing "net/mcreator/queens/QueensVariables.java"

startProcessing "net/mcreator/queens/ServerProxyQueens.java" md5: f0afed03bd159da93d3e0417473004e4
endProcessing "net/mcreator/queens/ServerProxyQueens.java"

startProcessing "net/mcreator/queens/creativetab/TabQueens.java" md5: d7b50e69f8c1fe70b70c15169d4a9a19
endProcessing "net/mcreator/queens/creativetab/TabQueens.java"

startProcessing "net/mcreator/queens/item/ItemCocaineDust.java" md5: 30d938b2cf74990712d1507330d91c72
endProcessing "net/mcreator/queens/item/ItemCocaineDust.java"

startProcessing "net/mcreator/queens/item/ItemCocaineSyringe.java" md5: 66aead132adc25c4ca7b4d881fc77bf4
endProcessing "net/mcreator/queens/item/ItemCocaineSyringe.java"

startProcessing "net/mcreator/queens/item/ItemEmptySyringe.java" md5: eb7c8fb50e9227c0b690f23da79474b3
endProcessing "net/mcreator/queens/item/ItemEmptySyringe.java"

startProcessing "net/mcreator/queens/item/ItemMarijuanaLeaf.java" md5: f41d7ddb92155cc006bc0ec191c1782b
endProcessing "net/mcreator/queens/item/ItemMarijuanaLeaf.java"

startProcessing "net/mcreator/queens/item/ItemMarijuanaSeeds.java" md5: efc36c253ea9ffbf3cbb0efc7d7e261b
endProcessing "net/mcreator/queens/item/ItemMarijuanaSeeds.java"

startProcessing "net/mcreator/queens/item/ItemMarjiuanaJoint.java" md5: b36f6563ff10d93ee6e00dacbaf3db64
endProcessing "net/mcreator/queens/item/ItemMarjiuanaJoint.java"

startProcessing "net/mcreator/queens/item/ItemNeedle.java" md5: 2d819b212aa1cf7dfb465994a529044f
endProcessing "net/mcreator/queens/item/ItemNeedle.java"

startProcessing "net/mcreator/queens/procedure/ProcedureCocaineDustRightClickedInAir.java" md5: 8bd8466e7f3f61bf75b7fe55d1e88c92
endProcessing "net/mcreator/queens/procedure/ProcedureCocaineDustRightClickedInAir.java"

startProcessing "net/mcreator/queens/procedure/ProcedureCocaineSyringeRightClickedInAir.java" md5: 67eddd6cc75a51b3ca3053c6a4ea9a81
endProcessing "net/mcreator/queens/procedure/ProcedureCocaineSyringeRightClickedInAir.java"

startProcessing "net/mcreator/queens/procedure/ProcedureMarijuanaJointRightClickedInAir.java" md5: e9c59f2e9fa9935349d1e451757d4d03
endProcessing "net/mcreator/queens/procedure/ProcedureMarijuanaJointRightClickedInAir.java"

startProcessing "net/mcreator/queens/procedure/ProcedureMarijuanaLeafFoodEaten.java" md5: 209bb6065b89151e359f6dbf7bb5a98c
endProcessing "net/mcreator/queens/procedure/ProcedureMarijuanaLeafFoodEaten.java"

startProcessing "net/mcreator/queens/procedure/ProcedureWhenGrassBroken.java" md5: f47bd5064da67fdc78e74fdb33c97767
endProcessing "net/mcreator/queens/procedure/ProcedureWhenGrassBroken.java"

