Processing 21 files
Start Processing: net/mcreator/queens/ClientProxyQueens.java
Import: net.minecraftforge.fml.common.event.FMLServerStartingEvent
Import: net.minecraftforge.fml.common.event.FMLPreInitializationEvent
Import: net.minecraftforge.fml.common.event.FMLPostInitializationEvent
Import: net.minecraftforge.fml.common.event.FMLInitializationEvent
Import: net.minecraftforge.client.model.obj.OBJLoader
End  Processing: net/mcreator/queens/ClientProxyQueens.java

Start Processing: net/mcreator/queens/ElementsQueens.java
FOUND CONSTR method net/mcreator/queens/ElementsQueens/ElementsQueens ()V net/mcreator/queens/ElementsQueens
New Key: class net/minecraftforge/fml/common/discovery/ASMDataTable
New Key: class net/mcreator/queens/ElementsQueens/ModElement
New Key: class net/mcreator/queens/ElementsQueens
New Key: class net/mcreator/queens/ElementsQueens
New Key: class net/mcreator/queens/ElementsQueens
New Key: class net/mcreator/queens/QueensVariables
New Key: class net/mcreator/queens/QueensVariables
New Key: class net/minecraftforge/event/RegistryEvent
New Key: class java/util/Map
Rename field net/minecraft/world/World/provider[3643,3651]::provider->field_73011_w
Rename field net/minecraft/entity/Entity/world[4032,4037]::world->field_70170_p
Rename field net/minecraft/world/World/isRemote[4046,4054]::isRemote->field_72995_K
New Key: class net/mcreator/queens/QueensVariables
Rename field net/minecraft/entity/Entity/world[4138,4143]::world->field_70170_p
New Key: class net/mcreator/queens/QueensVariables
Rename field net/minecraft/entity/Entity/world[4233,4238]::world->field_70170_p
New Key: class net/mcreator/queens/QueensVariables
New Key: class net/mcreator/queens/QueensVariables
Rename field net/minecraft/entity/Entity/world[4731,4736]::world->field_70170_p
Rename field net/minecraft/world/World/isRemote[4745,4753]::isRemote->field_72995_K
New Key: class net/mcreator/queens/QueensVariables
Rename field net/minecraft/entity/Entity/world[4841,4846]::world->field_70170_p
New Key: class net/mcreator/queens/QueensVariables
FOUND CONSTR method net/mcreator/queens/ElementsQueens/ModElement/ModElement (Lnet/mcreator/queens/ElementsQueens;I)V net/mcreator/queens/ElementsQueens/ModElement
Import: net.minecraftforge.fml.relauncher.Side
Import: net.minecraftforge.fml.common.registry.EntityEntry
Import: net.minecraftforge.fml.common.network.simpleimpl.IMessageHandler
Import: net.minecraftforge.fml.common.network.simpleimpl.IMessage
Import: net.minecraftforge.fml.common.network.IGuiHandler
Import: net.minecraftforge.fml.common.eventhandler.SubscribeEvent
Import: net.minecraftforge.fml.common.event.FMLServerStartingEvent
Import: net.minecraftforge.fml.common.event.FMLPreInitializationEvent
Import: net.minecraftforge.fml.common.event.FMLInitializationEvent
Import: net.minecraftforge.fml.common.discovery.ASMDataTable
Import: net.minecraftforge.fml.common.IWorldGenerator
Import: net.minecraftforge.fml.common.IFuelHandler
Import: net.minecraftforge.event.RegistryEvent
Import: net.minecraftforge.client.event.ModelRegistryEvent
Import: net.minecraft.world.storage.WorldSavedData
Import: net.minecraft.world.gen.IChunkGenerator
Import: net.minecraft.world.chunk.IChunkProvider
Import: net.minecraft.world.biome.Biome
Import: net.minecraft.world.World
Import: net.minecraft.util.ResourceLocation
Import: net.minecraft.potion.Potion
Import: net.minecraft.item.ItemStack
Import: net.minecraft.item.Item
Import: net.minecraft.entity.player.EntityPlayerMP
Import: net.minecraft.entity.player.EntityPlayer
Import: net.minecraft.block.Block
Import: java.util.function.Supplier
Import: java.util.Random
Import: java.util.Map
Import: java.util.List
Import: java.util.HashMap
Import: java.util.Collections
Import: java.util.ArrayList
Import: java.lang.annotation.RetentionPolicy
Import: java.lang.annotation.Retention
End  Processing: net/mcreator/queens/ElementsQueens.java

Start Processing: net/mcreator/queens/IProxyQueens.java
Import: net.minecraftforge.fml.common.event.FMLServerStartingEvent
Import: net.minecraftforge.fml.common.event.FMLPreInitializationEvent
Import: net.minecraftforge.fml.common.event.FMLPostInitializationEvent
Import: net.minecraftforge.fml.common.event.FMLInitializationEvent
End  Processing: net/mcreator/queens/IProxyQueens.java

Start Processing: net/mcreator/queens/Queens.java
New Key: class net/minecraftforge/fml/common/Mod
New Key: class net/minecraftforge/fml/common/Mod
New Key: class net/mcreator/queens/ElementsQueens
New Key: class net/minecraftforge/fml/common/Mod
New Key: class net/minecraftforge/fml/common/Mod
New Key: class net/minecraftforge/fml/common/Mod
New Key: class net/minecraftforge/event/RegistryEvent
New Key: class net/minecraftforge/event/RegistryEvent
New Key: class net/minecraftforge/event/RegistryEvent
New Key: class net/minecraftforge/event/RegistryEvent
New Key: class net/minecraftforge/event/RegistryEvent
New Key: class net/minecraftforge/event/RegistryEvent
Import: net.minecraftforge.fml.relauncher.SideOnly
Import: net.minecraftforge.fml.relauncher.Side
Import: net.minecraftforge.fml.common.registry.GameRegistry
Import: net.minecraftforge.fml.common.registry.EntityEntry
Import: net.minecraftforge.fml.common.network.simpleimpl.SimpleNetworkWrapper
Import: net.minecraftforge.fml.common.network.NetworkRegistry
Import: net.minecraftforge.fml.common.eventhandler.SubscribeEvent
Import: net.minecraftforge.fml.common.event.FMLServerStartingEvent
Import: net.minecraftforge.fml.common.event.FMLPreInitializationEvent
Import: net.minecraftforge.fml.common.event.FMLPostInitializationEvent
Import: net.minecraftforge.fml.common.event.FMLInitializationEvent
Import: net.minecraftforge.fml.common.SidedProxy
Import: net.minecraftforge.fml.common.Mod
Import: net.minecraftforge.fluids.FluidRegistry
Import: net.minecraftforge.event.RegistryEvent
Import: net.minecraftforge.common.MinecraftForge
Import: net.minecraftforge.client.event.ModelRegistryEvent
Import: net.minecraft.world.biome.Biome
Import: net.minecraft.potion.Potion
Import: net.minecraft.item.Item
Import: net.minecraft.block.Block
Import: java.util.function.Supplier
End  Processing: net/mcreator/queens/Queens.java

Start Processing: net/mcreator/queens/QueensVariables.java
FOUND CONSTR method net/mcreator/queens/QueensVariables/MapVariables/MapVariables ()V net/mcreator/queens/QueensVariables/MapVariables
FOUND CONSTR method net/mcreator/queens/QueensVariables/MapVariables/MapVariables (Ljava/lang/String;)V net/mcreator/queens/QueensVariables/MapVariables
Rename method net/minecraft/world/storage/WorldSavedData/readFromNBT (Lnet/minecraft/nbt/NBTTagCompound;)V[818,829]::readFromNBT->func_76184_a
Rename method net/minecraft/world/storage/WorldSavedData/writeToNBT (Lnet/minecraft/nbt/NBTTagCompound;)Lnet/minecraft/nbt/NBTTagCompound;[898,908]::writeToNBT->func_189551_b
Rename method net/minecraft/world/storage/WorldSavedData/markDirty ()V[1005,1014]::markDirty->func_76185_a
Rename field net/minecraft/world/World/isRemote[1035,1043]::isRemote->field_72995_K
Rename method net/minecraft/world/World/getMapStorage ()Lnet/minecraft/world/storage/MapStorage;[1335,1348]::getMapStorage->func_175693_T
Rename method net/minecraft/world/storage/MapStorage/getOrLoadData (Ljava/lang/Class;Ljava/lang/String;)Lnet/minecraft/world/storage/WorldSavedData;[1351,1364]::getOrLoadData->func_75742_a
Rename method net/minecraft/world/World/getMapStorage ()Lnet/minecraft/world/storage/MapStorage;[1471,1484]::getMapStorage->func_175693_T
Rename method net/minecraft/world/storage/MapStorage/setData (Ljava/lang/String;Lnet/minecraft/world/storage/WorldSavedData;)V[1487,1494]::setData->func_75745_a
FOUND CONSTR method net/mcreator/queens/QueensVariables/WorldVariables/WorldVariables ()V net/mcreator/queens/QueensVariables/WorldVariables
FOUND CONSTR method net/mcreator/queens/QueensVariables/WorldVariables/WorldVariables (Ljava/lang/String;)V net/mcreator/queens/QueensVariables/WorldVariables
Rename method net/minecraft/world/storage/WorldSavedData/readFromNBT (Lnet/minecraft/nbt/NBTTagCompound;)V[1828,1839]::readFromNBT->func_76184_a
Rename method net/minecraft/world/storage/WorldSavedData/writeToNBT (Lnet/minecraft/nbt/NBTTagCompound;)Lnet/minecraft/nbt/NBTTagCompound;[1908,1918]::writeToNBT->func_189551_b
Rename method net/minecraft/world/storage/WorldSavedData/markDirty ()V[2015,2024]::markDirty->func_76185_a
Rename field net/minecraft/world/World/isRemote[2045,2053]::isRemote->field_72995_K
Rename field net/minecraft/world/World/provider[2245,2253]::provider->field_73011_w
Rename method net/minecraft/world/storage/MapStorage/getOrLoadData (Ljava/lang/Class;Ljava/lang/String;)Lnet/minecraft/world/storage/WorldSavedData;[2414,2427]::getOrLoadData->func_75742_a
Rename method net/minecraft/world/storage/MapStorage/setData (Ljava/lang/String;Lnet/minecraft/world/storage/WorldSavedData;)V[2559,2566]::setData->func_75745_a
Rename field net/minecraft/network/NetHandlerPlayServer/player[2925,2931]::player->field_147369_b
Rename method net/minecraft/entity/player/EntityPlayerMP/getServerWorld ()Lnet/minecraft/world/WorldServer;[2940,2954]::getServerWorld->func_71121_q
Rename method net/minecraft/util/IThreadListener/addScheduledTask (Ljava/lang/Runnable;)Lcom/google/common/util/concurrent/ListenableFuture;[2963,2979]::addScheduledTask->func_152344_a
Rename field net/minecraft/network/NetHandlerPlayServer/player[3037,3043]::player->field_147369_b
Rename field net/minecraft/entity/Entity/world[3052,3057]::world->field_70170_p
Rename method net/minecraft/client/Minecraft/getMinecraft ()Lnet/minecraft/client/Minecraft;[3093,3105]::getMinecraft->func_71410_x
Rename method net/minecraft/util/IThreadListener/addScheduledTask (Ljava/lang/Runnable;)Lcom/google/common/util/concurrent/ListenableFuture;[3108,3124]::addScheduledTask->func_152344_a
Rename method net/minecraft/client/Minecraft/getMinecraft ()Lnet/minecraft/client/Minecraft;[3165,3177]::getMinecraft->func_71410_x
Rename field net/minecraft/client/Minecraft/player[3180,3186]::player->field_71439_g
Rename field net/minecraft/entity/Entity/world[3194,3199]::world->field_70170_p
Rename method net/minecraft/world/storage/WorldSavedData/markDirty ()V[3391,3400]::markDirty->func_76185_a
Rename field net/minecraft/world/World/provider[3552,3560]::provider->field_73011_w
Rename method net/minecraft/world/World/getMapStorage ()Lnet/minecraft/world/storage/MapStorage;[3629,3642]::getMapStorage->func_175693_T
Rename method net/minecraft/world/storage/MapStorage/setData (Ljava/lang/String;Lnet/minecraft/world/storage/WorldSavedData;)V[3645,3652]::setData->func_75745_a
Rename method net/minecraft/world/storage/MapStorage/setData (Ljava/lang/String;Lnet/minecraft/world/storage/WorldSavedData;)V[3742,3749]::setData->func_75745_a
FOUND CONSTR method net/mcreator/queens/QueensVariables/WorldSavedDataSyncMessage/WorldSavedDataSyncMessage ()V net/mcreator/queens/QueensVariables/WorldSavedDataSyncMessage
FOUND CONSTR method net/mcreator/queens/QueensVariables/WorldSavedDataSyncMessage/WorldSavedDataSyncMessage (ILnet/minecraft/world/storage/WorldSavedData;)V net/mcreator/queens/QueensVariables/WorldSavedDataSyncMessage
Rename method net/minecraft/world/storage/WorldSavedData/writeToNBT (Lnet/minecraft/nbt/NBTTagCompound;)Lnet/minecraft/nbt/NBTTagCompound;[4238,4248]::writeToNBT->func_189551_b
Rename method net/minecraft/world/storage/WorldSavedData/readFromNBT (Lnet/minecraft/nbt/NBTTagCompound;)V[4506,4517]::readFromNBT->func_76184_a
Import: net.minecraftforge.fml.relauncher.Side
Import: net.minecraftforge.fml.common.network.simpleimpl.MessageContext
Import: net.minecraftforge.fml.common.network.simpleimpl.IMessageHandler
Import: net.minecraftforge.fml.common.network.simpleimpl.IMessage
Import: net.minecraftforge.fml.common.network.ByteBufUtils
Import: net.minecraft.world.storage.WorldSavedData
Import: net.minecraft.world.World
Import: net.minecraft.nbt.NBTTagCompound
Import: net.minecraft.client.Minecraft
End  Processing: net/mcreator/queens/QueensVariables.java

Start Processing: net/mcreator/queens/ServerProxyQueens.java
Import: net.minecraftforge.fml.common.event.FMLServerStartingEvent
Import: net.minecraftforge.fml.common.event.FMLPreInitializationEvent
Import: net.minecraftforge.fml.common.event.FMLPostInitializationEvent
Import: net.minecraftforge.fml.common.event.FMLInitializationEvent
End  Processing: net/mcreator/queens/ServerProxyQueens.java

Start Processing: net/mcreator/queens/creativetab/TabQueens.java
New Key: class net/mcreator/queens/ElementsQueens
New Key: class net/mcreator/queens/ElementsQueens
FOUND CONSTR method net/mcreator/queens/creativetab/TabQueens/TabQueens (Lnet/mcreator/queens/ElementsQueens;)V net/mcreator/queens/creativetab/TabQueens
Rename method net/minecraft/creativetab/CreativeTabs/getTabIconItem ()Lnet/minecraft/item/ItemStack;[645,659]::getTabIconItem->func_78016_d
Import: net.minecraftforge.fml.relauncher.SideOnly
Import: net.minecraftforge.fml.relauncher.Side
Import: net.minecraft.item.ItemStack
Import: net.minecraft.creativetab.CreativeTabs
Import: net.mcreator.queens.item.ItemEmptySyringe
Import: net.mcreator.queens.ElementsQueens
End  Processing: net/mcreator/queens/creativetab/TabQueens.java

Start Processing: net/mcreator/queens/item/ItemCocaineDust.java
New Key: class net/mcreator/queens/ElementsQueens
New Key: class net/mcreator/queens/ElementsQueens
New Key: class net/minecraftforge/fml/common/registry/GameRegistry
FOUND CONSTR method net/mcreator/queens/item/ItemCocaineDust/ItemCocaineDust (Lnet/mcreator/queens/ElementsQueens;)V net/mcreator/queens/item/ItemCocaineDust
FOUND CONSTR method net/mcreator/queens/item/ItemCocaineDust/ItemCustom/ItemCustom ()V net/mcreator/queens/item/ItemCocaineDust/ItemCustom
Rename method net/minecraft/item/Item/setMaxDamage (I)Lnet/minecraft/item/Item;[1631,1643]::setMaxDamage->func_77656_e
Rename field net/minecraft/item/Item/maxStackSize[1652,1664]::maxStackSize->field_77777_bU
Rename method net/minecraft/item/Item/setUnlocalizedName (Ljava/lang/String;)Lnet/minecraft/item/Item;[1677,1695]::setUnlocalizedName->func_77655_b
Rename method net/minecraft/item/Item/setCreativeTab (Lnet/minecraft/creativetab/CreativeTabs;)Lnet/minecraft/item/Item;[1746,1760]::setCreativeTab->func_77637_a
Rename method net/minecraft/item/Item/getItemEnchantability ()I[1809,1830]::getItemEnchantability->func_77619_b
Rename method net/minecraft/item/Item/getMaxItemUseDuration (Lnet/minecraft/item/ItemStack;)I[1874,1895]::getMaxItemUseDuration->func_77626_a
Rename method net/minecraft/item/Item/getDestroySpeed (Lnet/minecraft/item/ItemStack;Lnet/minecraft/block/state/IBlockState;)F[1960,1975]::getDestroySpeed->func_150893_a
Rename method net/minecraft/item/Item/onItemRightClick (Lnet/minecraft/world/World;Lnet/minecraft/entity/player/EntityPlayer;Lnet/minecraft/util/EnumHand;)Lnet/minecraft/util/ActionResult;[2093,2109]::onItemRightClick->func_77659_a
Rename method net/minecraft/item/Item/onItemRightClick (Lnet/minecraft/world/World;Lnet/minecraft/entity/player/EntityPlayer;Lnet/minecraft/util/EnumHand;)Lnet/minecraft/util/ActionResult;[2196,2212]::onItemRightClick->func_77659_a
Rename method net/minecraft/util/ActionResult/getResult ()Ljava/lang/Object;[2260,2269]::getResult->func_188398_b
Rename field net/minecraft/entity/Entity/posX[2302,2306]::posX->field_70165_t
Rename field net/minecraft/entity/Entity/posY[2342,2346]::posY->field_70163_u
Rename field net/minecraft/entity/Entity/posZ[2382,2386]::posZ->field_70161_v
Rename method net/minecraft/entity/EntityLivingBase/getHeldItem (Lnet/minecraft/util/EnumHand;)Lnet/minecraft/item/ItemStack;[2957,2968]::getHeldItem->func_184586_b
Rename method net/minecraft/util/math/Vec3i/getX ()I[2994,2998]::getX->func_177958_n
Rename method net/minecraft/util/math/Vec3i/getY ()I[3027,3031]::getY->func_177956_o
Rename method net/minecraft/util/math/Vec3i/getZ ()I[3060,3064]::getZ->func_177952_p
Import: net.minecraftforge.fml.relauncher.SideOnly
Import: net.minecraftforge.fml.relauncher.Side
Import: net.minecraftforge.fml.common.registry.GameRegistry
Import: net.minecraftforge.client.model.ModelLoader
Import: net.minecraftforge.client.event.ModelRegistryEvent
Import: net.minecraft.world.World
Import: net.minecraft.util.math.BlockPos
Import: net.minecraft.util.EnumHand
Import: net.minecraft.util.EnumFacing
Import: net.minecraft.util.EnumActionResult
Import: net.minecraft.util.ActionResult
Import: net.minecraft.item.ItemStack
Import: net.minecraft.item.Item
Import: net.minecraft.entity.player.EntityPlayer
Import: net.minecraft.client.renderer.block.model.ModelResourceLocation
Import: net.minecraft.block.state.IBlockState
Import: net.mcreator.queens.procedure.ProcedureCocaineDustRightClickedInAir
Import: net.mcreator.queens.creativetab.TabQueens
Import: net.mcreator.queens.ElementsQueens
End  Processing: net/mcreator/queens/item/ItemCocaineDust.java

Start Processing: net/mcreator/queens/item/ItemCocaineSyringe.java
New Key: class net/mcreator/queens/ElementsQueens
New Key: class net/mcreator/queens/ElementsQueens
New Key: class net/minecraftforge/fml/common/registry/GameRegistry
FOUND CONSTR method net/mcreator/queens/item/ItemCocaineSyringe/ItemCocaineSyringe (Lnet/mcreator/queens/ElementsQueens;)V net/mcreator/queens/item/ItemCocaineSyringe
FOUND CONSTR method net/mcreator/queens/item/ItemCocaineSyringe/ItemCustom/ItemCustom ()V net/mcreator/queens/item/ItemCocaineSyringe/ItemCustom
Rename method net/minecraft/item/Item/setMaxDamage (I)Lnet/minecraft/item/Item;[1520,1532]::setMaxDamage->func_77656_e
Rename field net/minecraft/item/Item/maxStackSize[1541,1553]::maxStackSize->field_77777_bU
Rename method net/minecraft/item/Item/setUnlocalizedName (Ljava/lang/String;)Lnet/minecraft/item/Item;[1565,1583]::setUnlocalizedName->func_77655_b
Rename method net/minecraft/item/Item/setCreativeTab (Lnet/minecraft/creativetab/CreativeTabs;)Lnet/minecraft/item/Item;[1640,1654]::setCreativeTab->func_77637_a
Rename method net/minecraft/item/Item/getItemEnchantability ()I[1703,1724]::getItemEnchantability->func_77619_b
Rename method net/minecraft/item/Item/getMaxItemUseDuration (Lnet/minecraft/item/ItemStack;)I[1768,1789]::getMaxItemUseDuration->func_77626_a
Rename method net/minecraft/item/Item/getDestroySpeed (Lnet/minecraft/item/ItemStack;Lnet/minecraft/block/state/IBlockState;)F[1854,1869]::getDestroySpeed->func_150893_a
Rename method net/minecraft/item/Item/onItemRightClick (Lnet/minecraft/world/World;Lnet/minecraft/entity/player/EntityPlayer;Lnet/minecraft/util/EnumHand;)Lnet/minecraft/util/ActionResult;[1987,2003]::onItemRightClick->func_77659_a
Rename method net/minecraft/item/Item/onItemRightClick (Lnet/minecraft/world/World;Lnet/minecraft/entity/player/EntityPlayer;Lnet/minecraft/util/EnumHand;)Lnet/minecraft/util/ActionResult;[2090,2106]::onItemRightClick->func_77659_a
Rename method net/minecraft/util/ActionResult/getResult ()Ljava/lang/Object;[2154,2163]::getResult->func_188398_b
Rename field net/minecraft/entity/Entity/posX[2196,2200]::posX->field_70165_t
Rename field net/minecraft/entity/Entity/posY[2236,2240]::posY->field_70163_u
Rename field net/minecraft/entity/Entity/posZ[2276,2280]::posZ->field_70161_v
Import: net.minecraftforge.fml.relauncher.SideOnly
Import: net.minecraftforge.fml.relauncher.Side
Import: net.minecraftforge.fml.common.registry.GameRegistry
Import: net.minecraftforge.client.model.ModelLoader
Import: net.minecraftforge.client.event.ModelRegistryEvent
Import: net.minecraft.world.World
Import: net.minecraft.util.EnumHand
Import: net.minecraft.util.ActionResult
Import: net.minecraft.item.ItemStack
Import: net.minecraft.item.Item
Import: net.minecraft.entity.player.EntityPlayer
Import: net.minecraft.client.renderer.block.model.ModelResourceLocation
Import: net.minecraft.block.state.IBlockState
Import: net.mcreator.queens.procedure.ProcedureCocaineSyringeRightClickedInAir
Import: net.mcreator.queens.creativetab.TabQueens
Import: net.mcreator.queens.ElementsQueens
End  Processing: net/mcreator/queens/item/ItemCocaineSyringe.java

Start Processing: net/mcreator/queens/item/ItemEmptySyringe.java
New Key: class net/mcreator/queens/ElementsQueens
New Key: class net/mcreator/queens/ElementsQueens
New Key: class net/minecraftforge/fml/common/registry/GameRegistry
FOUND CONSTR method net/mcreator/queens/item/ItemEmptySyringe/ItemEmptySyringe (Lnet/mcreator/queens/ElementsQueens;)V net/mcreator/queens/item/ItemEmptySyringe
FOUND CONSTR method net/mcreator/queens/item/ItemEmptySyringe/ItemCustom/ItemCustom ()V net/mcreator/queens/item/ItemEmptySyringe/ItemCustom
Rename method net/minecraft/item/Item/setMaxDamage (I)Lnet/minecraft/item/Item;[1269,1281]::setMaxDamage->func_77656_e
Rename field net/minecraft/item/Item/maxStackSize[1290,1302]::maxStackSize->field_77777_bU
Rename method net/minecraft/item/Item/setUnlocalizedName (Ljava/lang/String;)Lnet/minecraft/item/Item;[1315,1333]::setUnlocalizedName->func_77655_b
Rename method net/minecraft/item/Item/setCreativeTab (Lnet/minecraft/creativetab/CreativeTabs;)Lnet/minecraft/item/Item;[1386,1400]::setCreativeTab->func_77637_a
Rename method net/minecraft/item/Item/getItemEnchantability ()I[1449,1470]::getItemEnchantability->func_77619_b
Rename method net/minecraft/item/Item/getMaxItemUseDuration (Lnet/minecraft/item/ItemStack;)I[1514,1535]::getMaxItemUseDuration->func_77626_a
Rename method net/minecraft/item/Item/getDestroySpeed (Lnet/minecraft/item/ItemStack;Lnet/minecraft/block/state/IBlockState;)F[1600,1615]::getDestroySpeed->func_150893_a
Import: net.minecraftforge.fml.relauncher.SideOnly
Import: net.minecraftforge.fml.relauncher.Side
Import: net.minecraftforge.fml.common.registry.GameRegistry
Import: net.minecraftforge.client.model.ModelLoader
Import: net.minecraftforge.client.event.ModelRegistryEvent
Import: net.minecraft.item.ItemStack
Import: net.minecraft.item.Item
Import: net.minecraft.client.renderer.block.model.ModelResourceLocation
Import: net.minecraft.block.state.IBlockState
Import: net.mcreator.queens.creativetab.TabQueens
Import: net.mcreator.queens.ElementsQueens
End  Processing: net/mcreator/queens/item/ItemEmptySyringe.java

Start Processing: net/mcreator/queens/item/ItemMarijuanaLeaf.java
New Key: class net/mcreator/queens/ElementsQueens
New Key: class net/mcreator/queens/ElementsQueens
New Key: class net/minecraftforge/fml/common/registry/GameRegistry
FOUND CONSTR method net/mcreator/queens/item/ItemMarijuanaLeaf/ItemMarijuanaLeaf (Lnet/mcreator/queens/ElementsQueens;)V net/mcreator/queens/item/ItemMarijuanaLeaf
FOUND CONSTR method net/mcreator/queens/item/ItemMarijuanaLeaf/ItemFoodCustom/ItemFoodCustom ()V net/mcreator/queens/item/ItemMarijuanaLeaf/ItemFoodCustom
Rename method net/minecraft/item/Item/setUnlocalizedName (Ljava/lang/String;)Lnet/minecraft/item/Item;[1500,1518]::setUnlocalizedName->func_77655_b
Rename method net/minecraft/item/ItemFood/setAlwaysEdible ()Lnet/minecraft/item/ItemFood;[1573,1588]::setAlwaysEdible->func_77848_i
Rename method net/minecraft/item/Item/setCreativeTab (Lnet/minecraft/creativetab/CreativeTabs;)Lnet/minecraft/item/Item;[1593,1607]::setCreativeTab->func_77637_a
Rename method net/minecraft/item/Item/setMaxStackSize (I)Lnet/minecraft/item/Item;[1626,1641]::setMaxStackSize->func_77625_d
Rename method net/minecraft/item/Item/getItemUseAction (Lnet/minecraft/item/ItemStack;)Lnet/minecraft/item/EnumAction;[1685,1701]::getItemUseAction->func_77661_b
Rename method net/minecraft/item/ItemFood/onFoodEaten (Lnet/minecraft/item/ItemStack;Lnet/minecraft/world/World;Lnet/minecraft/entity/player/EntityPlayer;)V[1790,1801]::onFoodEaten->func_77849_c
Rename method net/minecraft/item/ItemFood/onFoodEaten (Lnet/minecraft/item/ItemStack;Lnet/minecraft/world/World;Lnet/minecraft/entity/player/EntityPlayer;)V[1870,1881]::onFoodEaten->func_77849_c
Rename field net/minecraft/entity/Entity/posX[1935,1939]::posX->field_70165_t
Rename field net/minecraft/entity/Entity/posY[1975,1979]::posY->field_70163_u
Rename field net/minecraft/entity/Entity/posZ[2015,2019]::posZ->field_70161_v
Import: net.minecraftforge.fml.relauncher.SideOnly
Import: net.minecraftforge.fml.relauncher.Side
Import: net.minecraftforge.fml.common.registry.GameRegistry
Import: net.minecraftforge.client.model.ModelLoader
Import: net.minecraftforge.client.event.ModelRegistryEvent
Import: net.minecraft.world.World
Import: net.minecraft.item.ItemStack
Import: net.minecraft.item.ItemFood
Import: net.minecraft.item.Item
Import: net.minecraft.item.EnumAction
Import: net.minecraft.entity.player.EntityPlayer
Import: net.minecraft.client.renderer.block.model.ModelResourceLocation
Import: net.mcreator.queens.procedure.ProcedureMarijuanaLeafFoodEaten
Import: net.mcreator.queens.creativetab.TabQueens
Import: net.mcreator.queens.ElementsQueens
End  Processing: net/mcreator/queens/item/ItemMarijuanaLeaf.java

Start Processing: net/mcreator/queens/item/ItemMarijuanaSeeds.java
New Key: class net/mcreator/queens/ElementsQueens
New Key: class net/mcreator/queens/ElementsQueens
New Key: class net/minecraftforge/fml/common/registry/GameRegistry
FOUND CONSTR method net/mcreator/queens/item/ItemMarijuanaSeeds/ItemMarijuanaSeeds (Lnet/mcreator/queens/ElementsQueens;)V net/mcreator/queens/item/ItemMarijuanaSeeds
FOUND CONSTR method net/mcreator/queens/item/ItemMarijuanaSeeds/ItemCustom/ItemCustom ()V net/mcreator/queens/item/ItemMarijuanaSeeds/ItemCustom
Rename method net/minecraft/item/Item/setMaxDamage (I)Lnet/minecraft/item/Item;[1277,1289]::setMaxDamage->func_77656_e
Rename field net/minecraft/item/Item/maxStackSize[1298,1310]::maxStackSize->field_77777_bU
Rename method net/minecraft/item/Item/setUnlocalizedName (Ljava/lang/String;)Lnet/minecraft/item/Item;[1323,1341]::setUnlocalizedName->func_77655_b
Rename method net/minecraft/item/Item/setCreativeTab (Lnet/minecraft/creativetab/CreativeTabs;)Lnet/minecraft/item/Item;[1398,1412]::setCreativeTab->func_77637_a
Rename method net/minecraft/item/Item/getItemEnchantability ()I[1461,1482]::getItemEnchantability->func_77619_b
Rename method net/minecraft/item/Item/getMaxItemUseDuration (Lnet/minecraft/item/ItemStack;)I[1526,1547]::getMaxItemUseDuration->func_77626_a
Rename method net/minecraft/item/Item/getDestroySpeed (Lnet/minecraft/item/ItemStack;Lnet/minecraft/block/state/IBlockState;)F[1612,1627]::getDestroySpeed->func_150893_a
Import: net.minecraftforge.fml.relauncher.SideOnly
Import: net.minecraftforge.fml.relauncher.Side
Import: net.minecraftforge.fml.common.registry.GameRegistry
Import: net.minecraftforge.client.model.ModelLoader
Import: net.minecraftforge.client.event.ModelRegistryEvent
Import: net.minecraft.item.ItemStack
Import: net.minecraft.item.Item
Import: net.minecraft.client.renderer.block.model.ModelResourceLocation
Import: net.minecraft.block.state.IBlockState
Import: net.mcreator.queens.creativetab.TabQueens
Import: net.mcreator.queens.ElementsQueens
End  Processing: net/mcreator/queens/item/ItemMarijuanaSeeds.java

Start Processing: net/mcreator/queens/item/ItemMarjiuanaJoint.java
New Key: class net/mcreator/queens/ElementsQueens
New Key: class net/mcreator/queens/ElementsQueens
New Key: class net/minecraftforge/fml/common/registry/GameRegistry
FOUND CONSTR method net/mcreator/queens/item/ItemMarjiuanaJoint/ItemMarjiuanaJoint (Lnet/mcreator/queens/ElementsQueens;)V net/mcreator/queens/item/ItemMarjiuanaJoint
FOUND CONSTR method net/mcreator/queens/item/ItemMarjiuanaJoint/ItemFoodCustom/ItemFoodCustom ()V net/mcreator/queens/item/ItemMarjiuanaJoint/ItemFoodCustom
Rename method net/minecraft/item/Item/setUnlocalizedName (Ljava/lang/String;)Lnet/minecraft/item/Item;[1512,1530]::setUnlocalizedName->func_77655_b
Rename method net/minecraft/item/ItemFood/setAlwaysEdible ()Lnet/minecraft/item/ItemFood;[1587,1602]::setAlwaysEdible->func_77848_i
Rename method net/minecraft/item/Item/setCreativeTab (Lnet/minecraft/creativetab/CreativeTabs;)Lnet/minecraft/item/Item;[1607,1621]::setCreativeTab->func_77637_a
Rename method net/minecraft/item/Item/setMaxStackSize (I)Lnet/minecraft/item/Item;[1640,1655]::setMaxStackSize->func_77625_d
Rename method net/minecraft/item/Item/getItemUseAction (Lnet/minecraft/item/ItemStack;)Lnet/minecraft/item/EnumAction;[1699,1715]::getItemUseAction->func_77661_b
Rename method net/minecraft/item/ItemFood/onFoodEaten (Lnet/minecraft/item/ItemStack;Lnet/minecraft/world/World;Lnet/minecraft/entity/player/EntityPlayer;)V[1804,1815]::onFoodEaten->func_77849_c
Rename method net/minecraft/item/ItemFood/onFoodEaten (Lnet/minecraft/item/ItemStack;Lnet/minecraft/world/World;Lnet/minecraft/entity/player/EntityPlayer;)V[1884,1895]::onFoodEaten->func_77849_c
Rename field net/minecraft/entity/Entity/posX[1949,1953]::posX->field_70165_t
Rename field net/minecraft/entity/Entity/posY[1989,1993]::posY->field_70163_u
Rename field net/minecraft/entity/Entity/posZ[2029,2033]::posZ->field_70161_v
Import: net.minecraftforge.fml.relauncher.SideOnly
Import: net.minecraftforge.fml.relauncher.Side
Import: net.minecraftforge.fml.common.registry.GameRegistry
Import: net.minecraftforge.client.model.ModelLoader
Import: net.minecraftforge.client.event.ModelRegistryEvent
Import: net.minecraft.world.World
Import: net.minecraft.item.ItemStack
Import: net.minecraft.item.ItemFood
Import: net.minecraft.item.Item
Import: net.minecraft.item.EnumAction
Import: net.minecraft.entity.player.EntityPlayer
Import: net.minecraft.client.renderer.block.model.ModelResourceLocation
Import: net.mcreator.queens.procedure.ProcedureMarijuanaJointRightClickedInAir
Import: net.mcreator.queens.creativetab.TabQueens
Import: net.mcreator.queens.ElementsQueens
End  Processing: net/mcreator/queens/item/ItemMarjiuanaJoint.java

Start Processing: net/mcreator/queens/item/ItemNeedle.java
New Key: class net/mcreator/queens/ElementsQueens
New Key: class net/mcreator/queens/ElementsQueens
New Key: class net/minecraftforge/fml/common/registry/GameRegistry
FOUND CONSTR method net/mcreator/queens/item/ItemNeedle/ItemNeedle (Lnet/mcreator/queens/ElementsQueens;)V net/mcreator/queens/item/ItemNeedle
FOUND CONSTR method net/mcreator/queens/item/ItemNeedle/ItemCustom/ItemCustom ()V net/mcreator/queens/item/ItemNeedle/ItemCustom
Rename method net/minecraft/item/Item/setMaxDamage (I)Lnet/minecraft/item/Item;[1246,1258]::setMaxDamage->func_77656_e
Rename field net/minecraft/item/Item/maxStackSize[1267,1279]::maxStackSize->field_77777_bU
Rename method net/minecraft/item/Item/setUnlocalizedName (Ljava/lang/String;)Lnet/minecraft/item/Item;[1292,1310]::setUnlocalizedName->func_77655_b
Rename method net/minecraft/item/Item/setCreativeTab (Lnet/minecraft/creativetab/CreativeTabs;)Lnet/minecraft/item/Item;[1351,1365]::setCreativeTab->func_77637_a
Rename method net/minecraft/item/Item/getItemEnchantability ()I[1414,1435]::getItemEnchantability->func_77619_b
Rename method net/minecraft/item/Item/getMaxItemUseDuration (Lnet/minecraft/item/ItemStack;)I[1479,1500]::getMaxItemUseDuration->func_77626_a
Rename method net/minecraft/item/Item/getDestroySpeed (Lnet/minecraft/item/ItemStack;Lnet/minecraft/block/state/IBlockState;)F[1565,1580]::getDestroySpeed->func_150893_a
Import: net.minecraftforge.fml.relauncher.SideOnly
Import: net.minecraftforge.fml.relauncher.Side
Import: net.minecraftforge.fml.common.registry.GameRegistry
Import: net.minecraftforge.client.model.ModelLoader
Import: net.minecraftforge.client.event.ModelRegistryEvent
Import: net.minecraft.item.ItemStack
Import: net.minecraft.item.Item
Import: net.minecraft.client.renderer.block.model.ModelResourceLocation
Import: net.minecraft.block.state.IBlockState
Import: net.mcreator.queens.creativetab.TabQueens
Import: net.mcreator.queens.ElementsQueens
End  Processing: net/mcreator/queens/item/ItemNeedle.java

Start Processing: net/mcreator/queens/procedure/ProcedureCocaineDustRightClickedInAir.java
New Key: class net/mcreator/queens/ElementsQueens
New Key: class net/mcreator/queens/ElementsQueens
FOUND CONSTR method net/mcreator/queens/procedure/ProcedureCocaineDustRightClickedInAir/ProcedureCocaineDustRightClickedInAir (Lnet/mcreator/queens/ElementsQueens;)V net/mcreator/queens/procedure/ProcedureCocaineDustRightClickedInAir
Rename field net/minecraft/entity/player/EntityPlayer/inventory[1035,1044]::inventory->field_71071_by
Rename method net/minecraft/entity/player/InventoryPlayer/clearMatchingItems (Lnet/minecraft/item/Item;IILnet/minecraft/nbt/NBTTagCompound;)I[1050,1068]::clearMatchingItems->func_174925_a
Rename method net/minecraft/item/ItemStack/getItem ()Lnet/minecraft/item/Item;[1112,1119]::getItem->func_77973_b
Rename method net/minecraft/entity/Entity/attackEntityFrom (Lnet/minecraft/util/DamageSource;F)Z[1192,1208]::attackEntityFrom->func_70097_a
Rename field net/minecraft/util/DamageSource/DROWN[1218,1223]::DROWN->field_76369_e
Rename method net/minecraft/entity/EntityLivingBase/addPotionEffect (Lnet/minecraft/potion/PotionEffect;)V[1328,1343]::addPotionEffect->func_70690_d
Rename field net/minecraft/init/MobEffects/SPEED[1369,1374]::SPEED->field_76424_c
Rename method net/minecraft/entity/EntityLivingBase/addPotionEffect (Lnet/minecraft/potion/PotionEffect;)V[1482,1497]::addPotionEffect->func_70690_d
Rename field net/minecraft/init/MobEffects/HASTE[1523,1528]::HASTE->field_76422_e
Rename method net/minecraft/entity/EntityLivingBase/addPotionEffect (Lnet/minecraft/potion/PotionEffect;)V[1636,1651]::addPotionEffect->func_70690_d
Rename field net/minecraft/init/MobEffects/RESISTANCE[1677,1687]::RESISTANCE->field_76429_m
Rename method net/minecraft/entity/EntityLivingBase/addPotionEffect (Lnet/minecraft/potion/PotionEffect;)V[1790,1805]::addPotionEffect->func_70690_d
Rename field net/minecraft/init/MobEffects/HUNGER[1831,1837]::HUNGER->field_76438_s
Import: net.minecraft.util.DamageSource
Import: net.minecraft.potion.PotionEffect
Import: net.minecraft.item.ItemStack
Import: net.minecraft.init.MobEffects
Import: net.minecraft.entity.player.EntityPlayer
Import: net.minecraft.entity.EntityLivingBase
Import: net.minecraft.entity.Entity
Import: net.mcreator.queens.item.ItemCocaineDust
Import: net.mcreator.queens.ElementsQueens
End  Processing: net/mcreator/queens/procedure/ProcedureCocaineDustRightClickedInAir.java

Start Processing: net/mcreator/queens/procedure/ProcedureCocaineSyringeRightClickedInAir.java
New Key: class net/mcreator/queens/ElementsQueens
New Key: class net/mcreator/queens/ElementsQueens
FOUND CONSTR method net/mcreator/queens/procedure/ProcedureCocaineSyringeRightClickedInAir/ProcedureCocaineSyringeRightClickedInAir (Lnet/mcreator/queens/ElementsQueens;)V net/mcreator/queens/procedure/ProcedureCocaineSyringeRightClickedInAir
Rename method net/minecraft/item/ItemStack/attemptDamageItem (ILjava/util/Random;Lnet/minecraft/entity/player/EntityPlayerMP;)Z[1164,1181]::attemptDamageItem->func_96631_a
Rename method net/minecraft/item/ItemStack/shrink (I)V[1223,1229]::shrink->func_190918_g
Rename method net/minecraft/item/ItemStack/setItemDamage (I)V[1255,1268]::setItemDamage->func_77964_b
Rename method net/minecraft/entity/Entity/attackEntityFrom (Lnet/minecraft/util/DamageSource;F)Z[1321,1337]::attackEntityFrom->func_70097_a
Rename field net/minecraft/util/DamageSource/GENERIC[1347,1354]::GENERIC->field_76377_j
Rename method net/minecraft/entity/EntityLivingBase/addPotionEffect (Lnet/minecraft/potion/PotionEffect;)V[1457,1472]::addPotionEffect->func_70690_d
Rename field net/minecraft/init/MobEffects/HASTE[1498,1503]::HASTE->field_76422_e
Rename method net/minecraft/entity/EntityLivingBase/addPotionEffect (Lnet/minecraft/potion/PotionEffect;)V[1612,1627]::addPotionEffect->func_70690_d
Rename field net/minecraft/init/MobEffects/RESISTANCE[1653,1663]::RESISTANCE->field_76429_m
Rename method net/minecraft/entity/EntityLivingBase/addPotionEffect (Lnet/minecraft/potion/PotionEffect;)V[1767,1782]::addPotionEffect->func_70690_d
Rename field net/minecraft/init/MobEffects/SPEED[1808,1813]::SPEED->field_76424_c
Import: net.minecraft.util.DamageSource
Import: net.minecraft.potion.PotionEffect
Import: net.minecraft.item.ItemStack
Import: net.minecraft.init.MobEffects
Import: net.minecraft.entity.EntityLivingBase
Import: net.minecraft.entity.Entity
Import: net.mcreator.queens.ElementsQueens
Import: java.util.Random
End  Processing: net/mcreator/queens/procedure/ProcedureCocaineSyringeRightClickedInAir.java

Start Processing: net/mcreator/queens/procedure/ProcedureMarijuanaJointRightClickedInAir.java
New Key: class net/mcreator/queens/ElementsQueens
New Key: class net/mcreator/queens/ElementsQueens
FOUND CONSTR method net/mcreator/queens/procedure/ProcedureMarijuanaJointRightClickedInAir/ProcedureMarijuanaJointRightClickedInAir (Lnet/mcreator/queens/ElementsQueens;)V net/mcreator/queens/procedure/ProcedureMarijuanaJointRightClickedInAir
Rename method net/minecraft/entity/EntityLivingBase/addPotionEffect (Lnet/minecraft/potion/PotionEffect;)V[872,887]::addPotionEffect->func_70690_d
Rename field net/minecraft/init/MobEffects/NAUSEA[913,919]::NAUSEA->field_76431_k
Rename method net/minecraft/entity/EntityLivingBase/addPotionEffect (Lnet/minecraft/potion/PotionEffect;)V[1025,1040]::addPotionEffect->func_70690_d
Rename field net/minecraft/init/MobEffects/MINING_FATIGUE[1066,1080]::MINING_FATIGUE->field_76419_f
Rename method net/minecraft/entity/EntityLivingBase/addPotionEffect (Lnet/minecraft/potion/PotionEffect;)V[1179,1194]::addPotionEffect->func_70690_d
Rename field net/minecraft/init/MobEffects/BLINDNESS[1220,1229]::BLINDNESS->field_76440_q
Rename method net/minecraft/entity/EntityLivingBase/addPotionEffect (Lnet/minecraft/potion/PotionEffect;)V[1332,1347]::addPotionEffect->func_70690_d
Rename field net/minecraft/init/MobEffects/HUNGER[1373,1379]::HUNGER->field_76438_s
Import: net.minecraft.potion.PotionEffect
Import: net.minecraft.init.MobEffects
Import: net.minecraft.entity.EntityLivingBase
Import: net.minecraft.entity.Entity
Import: net.mcreator.queens.ElementsQueens
End  Processing: net/mcreator/queens/procedure/ProcedureMarijuanaJointRightClickedInAir.java

Start Processing: net/mcreator/queens/procedure/ProcedureMarijuanaLeafFoodEaten.java
New Key: class net/mcreator/queens/ElementsQueens
New Key: class net/mcreator/queens/ElementsQueens
FOUND CONSTR method net/mcreator/queens/procedure/ProcedureMarijuanaLeafFoodEaten/ProcedureMarijuanaLeafFoodEaten (Lnet/mcreator/queens/ElementsQueens;)V net/mcreator/queens/procedure/ProcedureMarijuanaLeafFoodEaten
Rename field net/minecraft/entity/player/EntityPlayer/inventory[977,986]::inventory->field_71071_by
Rename method net/minecraft/entity/player/InventoryPlayer/clearMatchingItems (Lnet/minecraft/item/Item;IILnet/minecraft/nbt/NBTTagCompound;)I[992,1010]::clearMatchingItems->func_174925_a
Rename method net/minecraft/item/ItemStack/getItem ()Lnet/minecraft/item/Item;[1056,1063]::getItem->func_77973_b
Rename method net/minecraft/entity/EntityLivingBase/addPotionEffect (Lnet/minecraft/potion/PotionEffect;)V[1167,1182]::addPotionEffect->func_70690_d
Rename field net/minecraft/init/MobEffects/NAUSEA[1208,1214]::NAUSEA->field_76431_k
Rename method net/minecraft/entity/EntityLivingBase/addPotionEffect (Lnet/minecraft/potion/PotionEffect;)V[1320,1335]::addPotionEffect->func_70690_d
Rename field net/minecraft/init/MobEffects/MINING_FATIGUE[1361,1375]::MINING_FATIGUE->field_76419_f
Rename method net/minecraft/entity/EntityLivingBase/addPotionEffect (Lnet/minecraft/potion/PotionEffect;)V[1474,1489]::addPotionEffect->func_70690_d
Rename field net/minecraft/init/MobEffects/BLINDNESS[1515,1524]::BLINDNESS->field_76440_q
Rename method net/minecraft/entity/EntityLivingBase/addPotionEffect (Lnet/minecraft/potion/PotionEffect;)V[1628,1643]::addPotionEffect->func_70690_d
Rename field net/minecraft/init/MobEffects/HUNGER[1669,1675]::HUNGER->field_76438_s
Import: net.minecraft.potion.PotionEffect
Import: net.minecraft.item.ItemStack
Import: net.minecraft.init.MobEffects
Import: net.minecraft.entity.player.EntityPlayer
Import: net.minecraft.entity.EntityLivingBase
Import: net.minecraft.entity.Entity
Import: net.mcreator.queens.item.ItemMarijuanaLeaf
Import: net.mcreator.queens.ElementsQueens
End  Processing: net/mcreator/queens/procedure/ProcedureMarijuanaLeafFoodEaten.java

Start Processing: net/mcreator/queens/procedure/ProcedureMarjiuanaPlantRightClicked.java
New Key: class net/mcreator/queens/ElementsQueens
New Key: class net/mcreator/queens/ElementsQueens
FOUND CONSTR method net/mcreator/queens/procedure/ProcedureMarjiuanaPlantRightClicked/ProcedureMarjiuanaPlantRightClicked (Lnet/mcreator/queens/ElementsQueens;)V net/mcreator/queens/procedure/ProcedureMarjiuanaPlantRightClicked
Rename method net/minecraft/util/math/Vec3i/getX ()I[920,924]::getX->func_177958_n
Rename method net/minecraft/util/math/Vec3i/getY ()I[963,967]::getY->func_177956_o
Rename method net/minecraft/util/math/Vec3i/getZ ()I[1006,1010]::getZ->func_177952_p
Import: net.minecraftforge.fml.common.eventhandler.SubscribeEvent
Import: net.minecraftforge.fml.common.event.FMLPreInitializationEvent
Import: net.minecraftforge.event.entity.player.BonemealEvent
Import: net.minecraftforge.common.MinecraftForge
Import: net.minecraft.world.World
Import: net.minecraft.item.ItemStack
Import: net.minecraft.entity.player.EntityPlayer
Import: net.mcreator.queens.ElementsQueens
End  Processing: net/mcreator/queens/procedure/ProcedureMarjiuanaPlantRightClicked.java

Start Processing: net/mcreator/queens/procedure/ProcedureMarjiuanaUpdateTick.java
New Key: class net/mcreator/queens/ElementsQueens
New Key: class net/mcreator/queens/ElementsQueens
FOUND CONSTR method net/mcreator/queens/procedure/ProcedureMarjiuanaUpdateTick/ProcedureMarjiuanaUpdateTick (Lnet/mcreator/queens/ElementsQueens;)V net/mcreator/queens/procedure/ProcedureMarjiuanaUpdateTick
Import: net.mcreator.queens.ElementsQueens
End  Processing: net/mcreator/queens/procedure/ProcedureMarjiuanaUpdateTick.java

Start Processing: net/mcreator/queens/procedure/ProcedureWhenGrassBroken.java
New Key: class net/mcreator/queens/ElementsQueens
New Key: class net/mcreator/queens/ElementsQueens
FOUND CONSTR method net/mcreator/queens/procedure/ProcedureWhenGrassBroken/ProcedureWhenGrassBroken (Lnet/mcreator/queens/ElementsQueens;)V net/mcreator/queens/procedure/ProcedureWhenGrassBroken
Rename method net/minecraft/world/IBlockAccess/getBlockState (Lnet/minecraft/util/math/BlockPos;)Lnet/minecraft/block/state/IBlockState;[1762,1775]::getBlockState->func_180495_p
Rename method net/minecraft/block/state/IBlockState/getBlock ()Lnet/minecraft/block/Block;[1818,1826]::getBlock->func_177230_c
Rename field net/minecraft/init/Blocks/TALLGRASS[1844,1853]::TALLGRASS->field_150329_H
Rename method net/minecraft/block/Block/getStateFromMeta (I)Lnet/minecraft/block/state/IBlockState;[1865,1881]::getStateFromMeta->func_176203_a
Rename method net/minecraft/block/state/IBlockState/getBlock ()Lnet/minecraft/block/Block;[1882,1890]::getBlock->func_177230_c
Rename method net/minecraft/world/IBlockAccess/getBlockState (Lnet/minecraft/util/math/BlockPos;)Lnet/minecraft/block/state/IBlockState;[1915,1928]::getBlockState->func_180495_p
Rename method net/minecraft/block/state/IBlockState/getBlock ()Lnet/minecraft/block/Block;[1971,1979]::getBlock->func_177230_c
Rename field net/minecraft/init/Blocks/TALLGRASS[1997,2006]::TALLGRASS->field_150329_H
Rename method net/minecraft/block/Block/getStateFromMeta (I)Lnet/minecraft/block/state/IBlockState;[2012,2028]::getStateFromMeta->func_176203_a
Rename method net/minecraft/block/state/IBlockState/getBlock ()Lnet/minecraft/block/Block;[2029,2037]::getBlock->func_177230_c
Rename field net/minecraft/world/World/isRemote[2066,2074]::isRemote->field_72995_K
Rename method net/minecraft/entity/item/EntityItem/setPickupDelay (I)V[2242,2256]::setPickupDelay->func_174867_a
Rename method net/minecraft/world/World/spawnEntity (Lnet/minecraft/entity/Entity;)Z[2272,2283]::spawnEntity->func_72838_d
New Key: class net/minecraftforge/event/world/BlockEvent
Rename method net/minecraft/util/math/Vec3i/getX ()I[2612,2616]::getX->func_177958_n
Rename method net/minecraft/util/math/Vec3i/getY ()I[2676,2680]::getY->func_177956_o
Rename method net/minecraft/util/math/Vec3i/getZ ()I[2740,2744]::getZ->func_177952_p
Rename field net/minecraft/entity/Entity/posX[2797,2801]::posX->field_70165_t
Rename field net/minecraft/entity/Entity/posY[2852,2856]::posY->field_70163_u
Rename field net/minecraft/entity/Entity/posZ[2907,2911]::posZ->field_70161_v
Import: net.minecraftforge.fml.common.eventhandler.SubscribeEvent
Import: net.minecraftforge.fml.common.event.FMLPreInitializationEvent
Import: net.minecraftforge.event.world.BlockEvent
Import: net.minecraftforge.common.MinecraftForge
Import: net.minecraft.world.World
Import: net.minecraft.util.math.BlockPos
Import: net.minecraft.item.ItemStack
Import: net.minecraft.init.Blocks
Import: net.minecraft.entity.item.EntityItem
Import: net.minecraft.entity.Entity
Import: net.mcreator.queens.item.ItemMarijuanaSeeds
Import: net.mcreator.queens.ElementsQueens
End  Processing: net/mcreator/queens/procedure/ProcedureWhenGrassBroken.java

